timestamp: 2018-05-24T21:31:56.590639
CREATE TABLE "web2py_session_finalproject"(
    "id" INTEGER PRIMARY KEY AUTOINCREMENT,
    "locked" CHAR(1),
    "client_ip" CHAR(64),
    "created_datetime" TIMESTAMP,
    "modified_datetime" TIMESTAMP,
    "unique_key" CHAR(64),
    "session_data" BLOB
);
success!
timestamp: 2018-05-24T21:31:56.597523
CREATE TABLE "auth_user"(
    "id" INTEGER PRIMARY KEY AUTOINCREMENT,
    "first_name" CHAR(128),
    "last_name" CHAR(128),
    "email" CHAR(512),
    "password" CHAR(512),
    "registration_key" CHAR(512),
    "reset_password_key" CHAR(512),
    "registration_id" CHAR(512)
);
success!
timestamp: 2018-05-24T21:31:56.603070
CREATE TABLE "auth_group"(
    "id" INTEGER PRIMARY KEY AUTOINCREMENT,
    "role" CHAR(512),
    "description" TEXT
);
success!
timestamp: 2018-05-24T21:31:56.606293
CREATE TABLE "auth_membership"(
    "id" INTEGER PRIMARY KEY AUTOINCREMENT,
    "user_id" INTEGER REFERENCES "auth_user" ("id") ON DELETE CASCADE  ,
    "group_id" INTEGER REFERENCES "auth_group" ("id") ON DELETE CASCADE  
);
success!
timestamp: 2018-05-24T21:31:56.609708
CREATE TABLE "auth_permission"(
    "id" INTEGER PRIMARY KEY AUTOINCREMENT,
    "group_id" INTEGER REFERENCES "auth_group" ("id") ON DELETE CASCADE  ,
    "name" CHAR(512),
    "table_name" CHAR(512),
    "record_id" INTEGER
);
success!
timestamp: 2018-05-24T21:31:56.614130
CREATE TABLE "auth_event"(
    "id" INTEGER PRIMARY KEY AUTOINCREMENT,
    "time_stamp" TIMESTAMP,
    "client_ip" CHAR(512),
    "user_id" INTEGER REFERENCES "auth_user" ("id") ON DELETE CASCADE  ,
    "origin" CHAR(512),
    "description" TEXT
);
success!
timestamp: 2018-05-24T21:31:56.618625
CREATE TABLE "auth_cas"(
    "id" INTEGER PRIMARY KEY AUTOINCREMENT,
    "user_id" INTEGER REFERENCES "auth_user" ("id") ON DELETE CASCADE  ,
    "created_on" TIMESTAMP,
    "service" CHAR(512),
    "ticket" CHAR(512),
    "renew" CHAR(1)
);
success!
timestamp: 2018-05-24T21:31:56.623795
CREATE TABLE "user_accounts"(
    "id" INTEGER PRIMARY KEY AUTOINCREMENT,
    "user_id" INTEGER,
    "user_name" CHAR(512),
    "colors" TEXT
);
success!
timestamp: 2018-05-24T21:31:56.627669
CREATE TABLE "typeracer_prompts"(
    "id" INTEGER PRIMARY KEY AUTOINCREMENT,
    "prompt" TEXT
);
success!
timestamp: 2018-05-24T21:31:56.630695
CREATE TABLE "taboo_words"(
    "id" INTEGER PRIMARY KEY AUTOINCREMENT,
    "word" CHAR(512),
    "banned_words" TEXT
);
success!
timestamp: 2018-05-24T21:31:56.634102
CREATE TABLE "talltales_instances"(
    "id" INTEGER PRIMARY KEY AUTOINCREMENT,
    "room_code" TEXT,
    "player_list" TEXT,
    "hoster" INTEGER,
    "max_players" INTEGER,
    "turn_time_limit" INTEGER,
    "story_text" TEXT,
    "current_turn" INTEGER
);
success!
timestamp: 2018-05-24T21:31:56.638931
CREATE TABLE "typeracer_instances"(
    "id" INTEGER PRIMARY KEY AUTOINCREMENT,
    "room_code" TEXT,
    "player_list" TEXT,
    "hoster" INTEGER REFERENCES "auth_user" ("id") ON DELETE CASCADE  ,
    "max_players" INTEGER,
    "turn_time_limit" INTEGER,
    "prompt" TEXT,
    "player_seedings" TEXT
);
success!
timestamp: 2018-05-24T21:31:56.647395
CREATE TABLE "taboo_instances"(
    "id" INTEGER PRIMARY KEY AUTOINCREMENT,
    "room_code" CHAR(512),
    "player_list" TEXT,
    "hoster" CHAR(references auth_user),
    "max_players" INTEGER,
    "turn_time_limit" INTEGER,
    "secret_word" CHAR(references taboo_words.word),
    "player_scores" TEXT
);
